<?xml version="1.0" encoding="UTF-8"?>
<!-- Generated by org.testng.reporters.JUnitReportReporter -->
<testsuite skipped="0" hostname="MT-PF185WZ2" name="com.mindtree.Runner.Runner" tests="12" failures="0" timestamp="2021-09-27T10:02:45 IST" time="191.914" errors="0">
  <testcase name="loginTest" time="18.478" classname="com.mindtree.Runner.Runner"/>
  <system-out/>
  <testcase name="sale" time="38.410" classname="com.mindtree.Runner.Runner"/>
  <system-out/>
  <testcase name="SearchProduct" time="15.662" classname="com.mindtree.Runner.Runner"/>
  <system-out/>
  <testcase name="Compare" time="40.467" classname="com.mindtree.Runner.Runner"/>
  <system-out/>
  <testcase name="CustomerDetails" time="8.841" classname="com.mindtree.Runner.Runner"/>
  <system-out/>
  <testcase name="TvClick" time="6.504" classname="com.mindtree.Runner.Runner"/>
  <system-out/>
  <testcase name="Store" time="8.613" classname="com.mindtree.Runner.Runner"/>
  <system-out/>
  <testcase name="SearchManyProduct" time="8.326" classname="com.mindtree.Runner.Runner"/>
  <system-out/>
  <testcase name="SearchManyProduct" time="8.403" classname="com.mindtree.Runner.Runner"/>
  <system-out/>
  <testcase name="SearchManyProduct" time="6.298" classname="com.mindtree.Runner.Runner"/>
  <system-out/>
  <testcase name="SearchManyProduct" time="6.892" classname="com.mindtree.Runner.Runner"/>
  <system-out/>
  <testcase name="AddWhislist" time="25.020" classname="com.mindtree.Runner.Runner"/>
  <system-out/>
</testsuite> <!-- com.mindtree.Runner.Runner -->
